{"C:\\Users\\mmakw\\OneDrive\\Documents\\full_stack_journey\\HexSoftwares_ToDoList\\index.js": {"path":"C:\\Users\\mmakw\\OneDrive\\Documents\\full_stack_journey\\HexSoftwares_ToDoList\\index.js","statementMap":{"0":{"start":{"line":1,"column":15},"end":{"line":1,"column":51}},"1":{"start":{"line":2,"column":20},"end":{"line":2,"column":61}},"2":{"start":{"line":4,"column":4},"end":{"line":14,"column":5}},"3":{"start":{"line":5,"column":8},"end":{"line":5,"column":42}},"4":{"start":{"line":8,"column":15},"end":{"line":8,"column":43}},"5":{"start":{"line":9,"column":8},"end":{"line":9,"column":36}},"6":{"start":{"line":10,"column":8},"end":{"line":10,"column":38}},"7":{"start":{"line":11,"column":19},"end":{"line":11,"column":49}},"8":{"start":{"line":12,"column":8},"end":{"line":12,"column":32}},"9":{"start":{"line":13,"column":8},"end":{"line":13,"column":29}},"10":{"start":{"line":16,"column":4},"end":{"line":16,"column":22}},"11":{"start":{"line":17,"column":4},"end":{"line":17,"column":15}},"12":{"start":{"line":19,"column":0},"end":{"line":19,"column":25}},"13":{"start":{"line":20,"column":0},"end":{"line":20,"column":24}},"14":{"start":{"line":22,"column":0},"end":{"line":32,"column":10}},"15":{"start":{"line":23,"column":4},"end":{"line":30,"column":5}},"16":{"start":{"line":24,"column":8},"end":{"line":24,"column":45}},"17":{"start":{"line":25,"column":8},"end":{"line":25,"column":19}},"18":{"start":{"line":27,"column":9},"end":{"line":30,"column":5}},"19":{"start":{"line":28,"column":8},"end":{"line":28,"column":40}},"20":{"start":{"line":29,"column":8},"end":{"line":29,"column":19}},"21":{"start":{"line":37,"column":4},"end":{"line":37,"column":58}},"22":{"start":{"line":41,"column":4},"end":{"line":41,"column":57}},"23":{"start":{"line":44,"column":0},"end":{"line":44,"column":11}}},"fnMap":{"0":{"name":"AddTask","decl":{"start":{"line":3,"column":9},"end":{"line":3,"column":16}},"loc":{"start":{"line":3,"column":18},"end":{"line":18,"column":1}},"line":3},"1":{"name":"(anonymous_1)","decl":{"start":{"line":22,"column":40},"end":{"line":22,"column":41}},"loc":{"start":{"line":22,"column":51},"end":{"line":32,"column":1}},"line":22},"2":{"name":"saveData","decl":{"start":{"line":36,"column":9},"end":{"line":36,"column":17}},"loc":{"start":{"line":36,"column":19},"end":{"line":38,"column":1}},"line":36},"3":{"name":"showTask","decl":{"start":{"line":40,"column":9},"end":{"line":40,"column":17}},"loc":{"start":{"line":40,"column":19},"end":{"line":42,"column":1}},"line":40}},"branchMap":{"0":{"loc":{"start":{"line":4,"column":4},"end":{"line":14,"column":5}},"type":"if","locations":[{"start":{"line":4,"column":4},"end":{"line":14,"column":5}},{"start":{"line":7,"column":8},"end":{"line":14,"column":5}}],"line":4},"1":{"loc":{"start":{"line":23,"column":4},"end":{"line":30,"column":5}},"type":"if","locations":[{"start":{"line":23,"column":4},"end":{"line":30,"column":5}},{"start":{"line":27,"column":9},"end":{"line":30,"column":5}}],"line":23},"2":{"loc":{"start":{"line":27,"column":9},"end":{"line":30,"column":5}},"type":"if","locations":[{"start":{"line":27,"column":9},"end":{"line":30,"column":5}},{"start":{},"end":{}}],"line":27}},"s":{"0":2,"1":2,"2":2,"3":1,"4":1,"5":1,"6":1,"7":1,"8":1,"9":1,"10":2,"11":2,"12":2,"13":2,"14":2,"15":2,"16":2,"17":2,"18":0,"19":0,"20":0,"21":4,"22":2,"23":2},"f":{"0":2,"1":2,"2":4,"3":2},"b":{"0":[1,1],"1":[2,0],"2":[0,0]},"_coverageSchema":"1a1c01bbd47fc00a2c39e90264f33305004495a9","hash":"00775eca620370659161a6949dddf1e0f182f97b"}
}
